<?xml version="1.0" encoding="UTF-8"?>
<!-- Generated by org.testng.reporters.JUnitXMLReporter -->
<testsuite ignored="0" hostname="DESKTOP-ADCV5S3" failures="0" tests="3" name="Default test" time="12.842" errors="0" timestamp="2023-02-26T11:38:16 IST">
  <testcase classname="com.crud.Intregation2Testing" name="CreateBooking" time="4.204"/>
  <testcase classname="com.crud.Intregation2Testing" name="deleteBooking" time="2.923"/>
  <testcase classname="com.crud.Intregation2Testing" name="verifyDeleteId" time="3.046"/>
</testsuite> <!-- Default test -->
