<?xml version="1.0" encoding="UTF-8"?>
<!-- Generated by org.testng.reporters.JUnitXMLReporter -->
<testsuite ignored="0" hostname="DESKTOP-ADCV5S3" failures="0" tests="11" name="Test" time="48.115" errors="0" timestamp="2023-02-26T12:04:04 IST">
  <testcase classname="com.crud.Intregation3Testing" name="getId" time="19.893"/>
  <testcase classname="com.crud.Intregation3Testing" name="getBookingbyid" time="2.906"/>
  <testcase classname="com.crud.Intregation3Testing" name="updateBooking" time="3.116"/>
  <testcase classname="com.crud.Intregation3Testing" name="getVerifyid" time="2.906"/>
  <testcase classname="com.crud.Intregation2Testing" name="CreateBooking" time="1.462"/>
  <testcase classname="com.crud.Intregation2Testing" name="deleteBooking" time="3.047"/>
  <testcase classname="com.crud.Intregation2Testing" name="verifyDeleteId" time="2.959"/>
  <testcase classname="com.crud.Intregation1Testing" name="testCreateBooking" time="1.491"/>
  <testcase classname="com.crud.Intregation1Testing" name="testCreateAndUpdateBooking" time="2.864"/>
  <testcase classname="com.crud.Intregation1Testing" name="getBookinfbyid" time="3.68"/>
  <testcase classname="com.crud.CreateBookingTest" name="testCreateBooking" time="1.497"/>
</testsuite> <!-- Test -->
