<?xml version="1.0" encoding="UTF-8"?>
<testng-results ignored="0" total="1" passed="1" failed="0" skipped="0">
  <reporter-output>
  </reporter-output>
  <suite started-at="2023-02-26T19:57:20 IST" name="Surefire suite" finished-at="2023-02-26T19:57:26 IST" duration-ms="6186">
    <groups>
    </groups>
    <test started-at="2023-02-26T19:57:20 IST" name="Surefire test" finished-at="2023-02-26T19:57:26 IST" duration-ms="6186">
      <class name="com.crud.CreateBookingTest">
        <test-method is-config="true" signature="setup()[pri:0, instance:com.crud.CreateBookingTest@fa36558]" started-at="2023-02-26T19:57:20 IST" name="setup" finished-at="2023-02-26T19:57:21 IST" duration-ms="1127" status="PASS">
          <reporter-output>
          </reporter-output>
        </test-method> <!-- setup -->
        <test-method signature="testCreateBooking()[pri:0, instance:com.crud.CreateBookingTest@fa36558]" started-at="2023-02-26T19:57:21 IST" name="testCreateBooking" finished-at="2023-02-26T19:57:26 IST" duration-ms="4866" status="PASS">
          <reporter-output>
          </reporter-output>
        </test-method> <!-- testCreateBooking -->
      </class> <!-- com.crud.CreateBookingTest -->
    </test> <!-- Surefire test -->
  </suite> <!-- Surefire suite -->
</testng-results>
