<?xml version="1.0" encoding="UTF-8"?>
<testng-results ignored="0" total="11" passed="11" failed="0" skipped="0">
  <reporter-output>
  </reporter-output>
  <suite started-at="2023-02-26T12:03:16 IST" name="Suite" finished-at="2023-02-26T12:04:04 IST" duration-ms="48115">
    <groups>
      <group name="integration">
        <method signature="Intregation1Testing.testCreateBooking(org.testng.ITestContext)[pri:0, instance:com.crud.Intregation1Testing@4fd4cae3]" name="testCreateBooking" class="com.crud.Intregation1Testing"/>
        <method signature="Intregation1Testing.testCreateAndUpdateBooking(org.testng.ITestContext)[pri:0, instance:com.crud.Intregation1Testing@4fd4cae3]" name="testCreateAndUpdateBooking" class="com.crud.Intregation1Testing"/>
        <method signature="Intregation1Testing.getBookinfbyid(org.testng.ITestContext)[pri:0, instance:com.crud.Intregation1Testing@4fd4cae3]" name="getBookinfbyid" class="com.crud.Intregation1Testing"/>
      </group> <!-- integration -->
      <group name="integration2">
        <method signature="Intregation2Testing.CreateBooking(org.testng.ITestContext)[pri:0, instance:com.crud.Intregation2Testing@a77614d]" name="CreateBooking" class="com.crud.Intregation2Testing"/>
        <method signature="Intregation2Testing.deleteBooking(org.testng.ITestContext)[pri:0, instance:com.crud.Intregation2Testing@a77614d]" name="deleteBooking" class="com.crud.Intregation2Testing"/>
        <method signature="Intregation2Testing.verifyDeleteId(org.testng.ITestContext)[pri:0, instance:com.crud.Intregation2Testing@a77614d]" name="verifyDeleteId" class="com.crud.Intregation2Testing"/>
      </group> <!-- integration2 -->
      <group name="integration3">
        <method signature="Intregation3Testing.getId(org.testng.ITestContext)[pri:0, instance:com.crud.Intregation3Testing@4b6166aa]" name="getId" class="com.crud.Intregation3Testing"/>
        <method signature="Intregation3Testing.getBookingbyid(org.testng.ITestContext)[pri:0, instance:com.crud.Intregation3Testing@4b6166aa]" name="getBookingbyid" class="com.crud.Intregation3Testing"/>
        <method signature="Intregation3Testing.updateBooking(org.testng.ITestContext)[pri:0, instance:com.crud.Intregation3Testing@4b6166aa]" name="updateBooking" class="com.crud.Intregation3Testing"/>
        <method signature="Intregation3Testing.getVerifyid(org.testng.ITestContext)[pri:0, instance:com.crud.Intregation3Testing@4b6166aa]" name="getVerifyid" class="com.crud.Intregation3Testing"/>
      </group> <!-- integration3 -->
    </groups>
    <test started-at="2023-02-26T12:03:16 IST" name="Test" finished-at="2023-02-26T12:04:04 IST" duration-ms="48115">
      <class name="com.crud.Intregation1Testing">
        <test-method is-config="true" signature="setup()[pri:0, instance:com.crud.Intregation1Testing@4fd4cae3]" started-at="2023-02-26T12:03:55 IST" name="setup" finished-at="2023-02-26T12:03:55 IST" duration-ms="13" status="PASS">
          <reporter-output>
          </reporter-output>
        </test-method> <!-- setup -->
        <test-method signature="testCreateBooking(org.testng.ITestContext)[pri:0, instance:com.crud.Intregation1Testing@4fd4cae3]" started-at="2023-02-26T12:03:55 IST" name="testCreateBooking" finished-at="2023-02-26T12:03:56 IST" duration-ms="1491" status="PASS">
          <params>
            <param index="0">
              <value>
                <![CDATA[org.testng.TestRunner@51fc862e]]>
              </value>
            </param>
          </params>
          <reporter-output>
          </reporter-output>
        </test-method> <!-- testCreateBooking -->
        <test-method is-config="true" signature="setup()[pri:0, instance:com.crud.Intregation1Testing@4fd4cae3]" started-at="2023-02-26T12:03:56 IST" name="setup" finished-at="2023-02-26T12:03:56 IST" duration-ms="5" status="PASS">
          <reporter-output>
          </reporter-output>
        </test-method> <!-- setup -->
        <test-method signature="testCreateAndUpdateBooking(org.testng.ITestContext)[pri:0, instance:com.crud.Intregation1Testing@4fd4cae3]" started-at="2023-02-26T12:03:56 IST" name="testCreateAndUpdateBooking" finished-at="2023-02-26T12:03:59 IST" depends-on-methods="com.crud.Intregation1Testing.testCreateBooking" duration-ms="2864" status="PASS">
          <params>
            <param index="0">
              <value>
                <![CDATA[org.testng.TestRunner@51fc862e]]>
              </value>
            </param>
          </params>
          <reporter-output>
          </reporter-output>
        </test-method> <!-- testCreateAndUpdateBooking -->
        <test-method is-config="true" signature="setup()[pri:0, instance:com.crud.Intregation1Testing@4fd4cae3]" started-at="2023-02-26T12:03:59 IST" name="setup" finished-at="2023-02-26T12:03:59 IST" duration-ms="7" status="PASS">
          <reporter-output>
          </reporter-output>
        </test-method> <!-- setup -->
        <test-method signature="getBookinfbyid(org.testng.ITestContext)[pri:0, instance:com.crud.Intregation1Testing@4fd4cae3]" started-at="2023-02-26T12:03:59 IST" name="getBookinfbyid" finished-at="2023-02-26T12:04:03 IST" depends-on-methods="com.crud.Intregation1Testing.testCreateAndUpdateBooking" duration-ms="3680" status="PASS">
          <params>
            <param index="0">
              <value>
                <![CDATA[org.testng.TestRunner@51fc862e]]>
              </value>
            </param>
          </params>
          <reporter-output>
          </reporter-output>
        </test-method> <!-- getBookinfbyid -->
      </class> <!-- com.crud.Intregation1Testing -->
      <class name="com.crud.CreateBookingTest">
        <test-method is-config="true" signature="setup()[pri:0, instance:com.crud.CreateBookingTest@4a067c25]" started-at="2023-02-26T12:04:03 IST" name="setup" finished-at="2023-02-26T12:04:03 IST" duration-ms="5" status="PASS">
          <reporter-output>
          </reporter-output>
        </test-method> <!-- setup -->
        <test-method signature="testCreateBooking()[pri:0, instance:com.crud.CreateBookingTest@4a067c25]" started-at="2023-02-26T12:04:03 IST" name="testCreateBooking" finished-at="2023-02-26T12:04:04 IST" duration-ms="1497" status="PASS">
          <reporter-output>
          </reporter-output>
        </test-method> <!-- testCreateBooking -->
      </class> <!-- com.crud.CreateBookingTest -->
      <class name="com.crud.Intregation3Testing">
        <test-method is-config="true" signature="setup()[pri:0, instance:com.crud.Intregation3Testing@4b6166aa]" started-at="2023-02-26T12:03:16 IST" name="setup" finished-at="2023-02-26T12:03:18 IST" duration-ms="1880" status="PASS">
          <reporter-output>
          </reporter-output>
        </test-method> <!-- setup -->
        <test-method signature="getId(org.testng.ITestContext)[pri:0, instance:com.crud.Intregation3Testing@4b6166aa]" started-at="2023-02-26T12:03:18 IST" name="getId" finished-at="2023-02-26T12:03:38 IST" duration-ms="19893" status="PASS">
          <params>
            <param index="0">
              <value>
                <![CDATA[org.testng.TestRunner@51fc862e]]>
              </value>
            </param>
          </params>
          <reporter-output>
          </reporter-output>
        </test-method> <!-- getId -->
        <test-method is-config="true" signature="setup()[pri:0, instance:com.crud.Intregation3Testing@4b6166aa]" started-at="2023-02-26T12:03:38 IST" name="setup" finished-at="2023-02-26T12:03:38 IST" duration-ms="5" status="PASS">
          <reporter-output>
          </reporter-output>
        </test-method> <!-- setup -->
        <test-method signature="getBookingbyid(org.testng.ITestContext)[pri:0, instance:com.crud.Intregation3Testing@4b6166aa]" started-at="2023-02-26T12:03:38 IST" name="getBookingbyid" finished-at="2023-02-26T12:03:41 IST" depends-on-methods="com.crud.Intregation3Testing.getId" duration-ms="2906" status="PASS">
          <params>
            <param index="0">
              <value>
                <![CDATA[org.testng.TestRunner@51fc862e]]>
              </value>
            </param>
          </params>
          <reporter-output>
          </reporter-output>
        </test-method> <!-- getBookingbyid -->
        <test-method is-config="true" signature="setup()[pri:0, instance:com.crud.Intregation3Testing@4b6166aa]" started-at="2023-02-26T12:03:41 IST" name="setup" finished-at="2023-02-26T12:03:41 IST" duration-ms="7" status="PASS">
          <reporter-output>
          </reporter-output>
        </test-method> <!-- setup -->
        <test-method signature="updateBooking(org.testng.ITestContext)[pri:0, instance:com.crud.Intregation3Testing@4b6166aa]" started-at="2023-02-26T12:03:41 IST" name="updateBooking" finished-at="2023-02-26T12:03:44 IST" depends-on-methods="com.crud.Intregation3Testing.getBookingbyid" duration-ms="3116" status="PASS">
          <params>
            <param index="0">
              <value>
                <![CDATA[org.testng.TestRunner@51fc862e]]>
              </value>
            </param>
          </params>
          <reporter-output>
          </reporter-output>
        </test-method> <!-- updateBooking -->
        <test-method is-config="true" signature="setup()[pri:0, instance:com.crud.Intregation3Testing@4b6166aa]" started-at="2023-02-26T12:03:44 IST" name="setup" finished-at="2023-02-26T12:03:44 IST" duration-ms="2" status="PASS">
          <reporter-output>
          </reporter-output>
        </test-method> <!-- setup -->
        <test-method signature="getVerifyid(org.testng.ITestContext)[pri:0, instance:com.crud.Intregation3Testing@4b6166aa]" started-at="2023-02-26T12:03:44 IST" name="getVerifyid" finished-at="2023-02-26T12:03:47 IST" depends-on-methods="com.crud.Intregation3Testing.updateBooking" duration-ms="2906" status="PASS">
          <params>
            <param index="0">
              <value>
                <![CDATA[org.testng.TestRunner@51fc862e]]>
              </value>
            </param>
          </params>
          <reporter-output>
          </reporter-output>
        </test-method> <!-- getVerifyid -->
      </class> <!-- com.crud.Intregation3Testing -->
      <class name="com.crud.Intregation2Testing">
        <test-method is-config="true" signature="setup()[pri:0, instance:com.crud.Intregation2Testing@a77614d]" started-at="2023-02-26T12:03:47 IST" name="setup" finished-at="2023-02-26T12:03:47 IST" duration-ms="3" status="PASS">
          <reporter-output>
          </reporter-output>
        </test-method> <!-- setup -->
        <test-method signature="CreateBooking(org.testng.ITestContext)[pri:0, instance:com.crud.Intregation2Testing@a77614d]" started-at="2023-02-26T12:03:47 IST" name="CreateBooking" finished-at="2023-02-26T12:03:49 IST" duration-ms="1462" status="PASS">
          <params>
            <param index="0">
              <value>
                <![CDATA[org.testng.TestRunner@51fc862e]]>
              </value>
            </param>
          </params>
          <reporter-output>
          </reporter-output>
        </test-method> <!-- CreateBooking -->
        <test-method is-config="true" signature="setup()[pri:0, instance:com.crud.Intregation2Testing@a77614d]" started-at="2023-02-26T12:03:49 IST" name="setup" finished-at="2023-02-26T12:03:49 IST" duration-ms="7" status="PASS">
          <reporter-output>
          </reporter-output>
        </test-method> <!-- setup -->
        <test-method signature="deleteBooking(org.testng.ITestContext)[pri:0, instance:com.crud.Intregation2Testing@a77614d]" started-at="2023-02-26T12:03:49 IST" name="deleteBooking" finished-at="2023-02-26T12:03:52 IST" depends-on-methods="com.crud.Intregation2Testing.CreateBooking" duration-ms="3047" status="PASS">
          <params>
            <param index="0">
              <value>
                <![CDATA[org.testng.TestRunner@51fc862e]]>
              </value>
            </param>
          </params>
          <reporter-output>
          </reporter-output>
        </test-method> <!-- deleteBooking -->
        <test-method is-config="true" signature="setup()[pri:0, instance:com.crud.Intregation2Testing@a77614d]" started-at="2023-02-26T12:03:52 IST" name="setup" finished-at="2023-02-26T12:03:52 IST" duration-ms="7" status="PASS">
          <reporter-output>
          </reporter-output>
        </test-method> <!-- setup -->
        <test-method signature="verifyDeleteId(org.testng.ITestContext)[pri:0, instance:com.crud.Intregation2Testing@a77614d]" started-at="2023-02-26T12:03:52 IST" name="verifyDeleteId" finished-at="2023-02-26T12:03:55 IST" depends-on-methods="com.crud.Intregation2Testing.deleteBooking" duration-ms="2959" status="PASS">
          <params>
            <param index="0">
              <value>
                <![CDATA[org.testng.TestRunner@51fc862e]]>
              </value>
            </param>
          </params>
          <reporter-output>
          </reporter-output>
        </test-method> <!-- verifyDeleteId -->
      </class> <!-- com.crud.Intregation2Testing -->
    </test> <!-- Test -->
  </suite> <!-- Suite -->
</testng-results>
